<?xml version="1.0" encoding="UTF-8"?>
<!-- Generated by org.testng.reporters.JUnitXMLReporter -->
<testsuite ignored="3" hostname="simhadri" failures="0" tests="4" name="Test" time="38.345" errors="0" timestamp="2023-05-29T12:03:15 IST">
  <testcase classname="TestCaseRepo.TC_04" name="TestCase" time="7.41"/>
  <testcase classname="TestCaseRepo.TC_03" name="TestCase" time="5.294"/>
  <testcase classname="TestCaseRepo.TC_02" name="TestCase" time="4.929"/>
  <testcase classname="TestCaseRepo.TC_01" name="TestCase" time="5.402"/>
  <testcase classname="GenericUtility.BaseClassOHrM" name="@BeforeSuite DbConnectionsEstablished" time="0.0">
    <ignored/>
  </testcase> <!-- @BeforeSuite DbConnectionsEstablished -->
  <testcase classname="GenericUtility.BaseClassOHrM" name="@BeforeSuite DbConnectionsEstablished" time="0.0">
    <ignored/>
  </testcase> <!-- @BeforeSuite DbConnectionsEstablished -->
  <testcase classname="GenericUtility.BaseClassOHrM" name="@BeforeSuite DbConnectionsEstablished" time="0.0">
    <ignored/>
  </testcase> <!-- @BeforeSuite DbConnectionsEstablished -->
</testsuite> <!-- Test -->
